<?xml version="1.0" ?>
<testsuites failures="0" name="TestXML" tests="6" time="0">
	<testsuite name="" failures="0"  tests="1" time="0">
		<testcase name=" character initialization" time="0"></testcase>
	</testsuite>

	<testsuite name="" failures="0"  tests="5" time="0">
		<testcase name="Conversions on a (3, 3) map" time="0"></testcase>
		<testcase name="Conversions on a (3, 3) map with cell_size" time="0"></testcase>
		<testcase name="Conversions on a (3, 3) map with cell_transform" time="0"></testcase>
		<testcase name="Conversions on a (3, 3) map with object_size" time="0"></testcase>
		<testcase name="Conversions on a (3, 3) map with object_transform" time="0"></testcase>
	</testsuite>

	<testsuite name="" failures="0"  tests="2" time="0">
		<testcase name="New (3, 3) Map" time="0"></testcase>
		<testcase name="New empty Map" time="0"></testcase>
	</testsuite>

	<testsuite name="" failures="0"  tests="4" time="0">
		<testcase name=" index generation" time="0"></testcase>
		<testcase name="is_occupied" time="0"></testcase>
		<testcase name=" get walkable tiles" time="0"></testcase>
		<testcase name=" is walkable" time="0"></testcase>
	</testsuite>

	<testsuite name="" failures="0"  tests="1" time="0">
		<testcase name=" initializaton" time="0"></testcase>
	</testsuite>

	<testsuite name="" failures="0"  tests="1" time="0">
		<testcase name=" placeholder" time="0"></testcase>
	</testsuite>

</testsuites>